Arguments: 
  /usr/local/bin/node /usr/local/Cellar/yarn/1.13.0/libexec/bin/yarn.js publish

PATH: 
  /Users/abin/DadaGit/phabricator/arcanist/bin:/bin:/usr/bin:/usr/local/bin:/Library/Frameworks/Python.framework/Versions/3.7/bin:/usr/local/bin:/usr/bin:/bin:/usr/sbin:/sbin

Yarn version: 
  1.13.0

Node version: 
  10.15.1

Platform: 
  darwin x64

Trace: 
  Error: canceled
      at Interface.<anonymous> (/usr/local/Cellar/yarn/1.13.0/libexec/lib/cli.js:125657:13)
      at Interface.emit (events.js:189:13)
      at Interface._ttyWrite (readline.js:783:16)
      at ReadStream.onkeypress (readline.js:168:10)
      at ReadStream.emit (events.js:189:13)
      at emitKeys (internal/readline.js:424:14)
      at emitKeys.next (<anonymous>)
      at ReadStream.onData (readline.js:1022:36)
      at ReadStream.emit (events.js:189:13)
      at addChunk (_stream_readable.js:284:12)

npm manifest: 
  {
    "name": "sa-sdk-smartprogram",
    "version": "0.4.0-test",
    "description": "神策百度小程序SDK",
    "main": "index.js",
    "repository": {
      "type": "git",
      "url": "https://github.com/abinnq/sa-sdk-smartprogram.git"
    },
    "keywords": [
      "sensorsdata",
      "sdk",
      "smartprogram",
      "百度小程序"
    ]
  }

yarn manifest: 
  No manifest

Lockfile: 
  No lockfile
